<?xml version="1.0" encoding="UTF-8"?>
<!-- Generated by org.testng.reporters.JUnitReportReporter -->
<testsuite skipped="0" hostname="DESKTOP-96U8LI5" name="com.avactis.qa.extentreport.ExtentReport_listener" tests="1" failures="0" timestamp="31 Dec 2019 13:24:48 GMT" time="0.805" errors="0">
  <testcase name="loginTest" time="0.805" classname="com.avactis.qa.extentreport.ExtentReport_listener"/>
</testsuite> <!-- com.avactis.qa.extentreport.ExtentReport_listener -->
