<?xml version="1.0" encoding="UTF-8"?>
<!-- Generated by org.testng.reporters.JUnitReportReporter -->
<testsuite skipped="0" hostname="DESKTOP-96U8LI5" name="com.avactis.qa.testcases.CheckOutPageTest" tests="1" failures="0" timestamp="16 Jan 2020 06:37:30 GMT" time="101.943" errors="0">
  <testcase name="AddItemsToCart" time="101.943" classname="com.avactis.qa.testcases.CheckOutPageTest"/>
</testsuite> <!-- com.avactis.qa.testcases.CheckOutPageTest -->
