<?xml version="1.0" encoding="UTF-8"?>
<!-- Generated by org.testng.reporters.JUnitReportReporter -->
<testsuite skipped="0" hostname="DESKTOP-96U8LI5" name="com.avactis.qa.testcases.ComputersPageTest" tests="1" failures="0" timestamp="29 Dec 2019 14:00:36 GMT" time="50.983" errors="0">
  <testcase name="SelectIteminComputers" time="50.983" classname="com.avactis.qa.testcases.ComputersPageTest"/>
</testsuite> <!-- com.avactis.qa.testcases.ComputersPageTest -->
