<?xml version="1.0" encoding="UTF-8"?>
<!-- Generated by org.testng.reporters.JUnitReportReporter -->
<testsuite skipped="0" hostname="DESKTOP-96U8LI5" name="com.avactis.qa.testcases.HomePageTest" tests="3" failures="0" timestamp="29 Dec 2019 08:42:55 GMT" time="79.680" errors="0">
  <testcase name="ValidateHomePageTitle" time="17.605" classname="com.avactis.qa.testcases.HomePageTest"/>
  <testcase name="ValidateAvactisImage" time="37.970" classname="com.avactis.qa.testcases.HomePageTest"/>
  <testcase name="validateclickSignInLink" time="24.105" classname="com.avactis.qa.testcases.HomePageTest"/>
</testsuite> <!-- com.avactis.qa.testcases.HomePageTest -->
