<?xml version="1.0" encoding="UTF-8"?>
<!-- Generated by org.testng.reporters.JUnitReportReporter -->
<testsuite skipped="0" hostname="DESKTOP-96U8LI5" name="com.avactis.qa.testcases.SportPageTest" tests="1" failures="0" timestamp="29 Dec 2019 13:32:00 GMT" time="42.354" errors="0">
  <testcase name="SelectIteminSport" time="42.354" classname="com.avactis.qa.testcases.SportPageTest"/>
</testsuite> <!-- com.avactis.qa.testcases.SportPageTest -->
