<?xml version="1.0" encoding="UTF-8"?>
<!-- Generated by org.testng.reporters.JUnitReportReporter -->
<testsuite skipped="0" hostname="DESKTOP-96U8LI5" name="com.avactis.qa.testcases.MyCartTest" tests="1" failures="0" timestamp="31 Dec 2019 06:26:43 GMT" time="53.931" errors="0">
  <testcase name="checkData" time="53.931" classname="com.avactis.qa.testcases.MyCartTest"/>
</testsuite> <!-- com.avactis.qa.testcases.MyCartTest -->
