<?xml version="1.0" encoding="UTF-8"?>
<!-- Generated by org.testng.reporters.JUnitReportReporter -->
<testsuite skipped="0" hostname="DESKTOP-96U8LI5" name="com.avactis.qa.testcases.ApparelPageTest" tests="1" failures="0" timestamp="29 Dec 2019 13:02:27 GMT" time="35.808" errors="0">
  <testcase name="SelectIteminApparel" time="35.808" classname="com.avactis.qa.testcases.ApparelPageTest"/>
</testsuite> <!-- com.avactis.qa.testcases.ApparelPageTest -->
