<?xml version="1.0" encoding="UTF-8"?>
<!-- Generated by org.testng.reporters.JUnitReportReporter -->
<testsuite skipped="0" hostname="DESKTOP-96U8LI5" name="com.avactis.qa.testcases.SignInPageTest" tests="3" failures="0" timestamp="29 Dec 2019 11:11:31 GMT" time="85.931" errors="0">
  <testcase name="ValidateSignInPageTitle" time="23.056" classname="com.avactis.qa.testcases.SignInPageTest"/>
  <testcase name="AvactisImageTest" time="33.920" classname="com.avactis.qa.testcases.SignInPageTest"/>
  <testcase name="signInTest" time="28.955" classname="com.avactis.qa.testcases.SignInPageTest"/>
</testsuite> <!-- com.avactis.qa.testcases.SignInPageTest -->
