<?xml version="1.0" encoding="UTF-8"?>
<!-- Generated by org.testng.reporters.JUnitReportReporter -->
<testsuite skipped="0" hostname="DESKTOP-96U8LI5" name="com.avactis.qa.testcases.MyAccountPageTest" tests="4" failures="0" timestamp="29 Dec 2019 12:04:30 GMT" time="132.040" errors="0">
  <testcase name="verifyMyAccountPageTitle" time="32.214" classname="com.avactis.qa.testcases.MyAccountPageTest"/>
  <testcase name="verifyApparelLink" time="31.673" classname="com.avactis.qa.testcases.MyAccountPageTest"/>
  <testcase name="verifyComputersLink" time="33.429" classname="com.avactis.qa.testcases.MyAccountPageTest"/>
  <testcase name="verifySportLink" time="34.724" classname="com.avactis.qa.testcases.MyAccountPageTest"/>
</testsuite> <!-- com.avactis.qa.testcases.MyAccountPageTest -->
